<?xml version="1.0" encoding="UTF-8"?>
<!-- Generated by org.testng.reporters.JUnitReportReporter -->
<testsuite hostname="anandraj" failures="0" tests="4" name="Api.RestApi.AppTest" time="5.421" errors="0" timestamp="2022-12-08T20:51:19 GMT" skipped="3">
  <testcase classname="Api.RestApi.AppTest" name="deleteMethod" time="5.421"/>
  <system-out/>
  <testcase classname="Api.RestApi.AppTest" name="apiGetMethoad">
    <skipped/>
  </testcase> <!-- apiGetMethoad -->
  <system-out/>
  <testcase classname="Api.RestApi.AppTest" name="putMethod">
    <skipped/>
  </testcase> <!-- putMethod -->
  <system-out/>
  <testcase classname="Api.RestApi.AppTest" name="postMethod">
    <skipped/>
  </testcase> <!-- postMethod -->
  <system-out/>
</testsuite> <!-- Api.RestApi.AppTest -->
