<?xml version="1.0" encoding="UTF-8"?>
<!-- Generated by org.testng.reporters.JUnitReportReporter -->
<testsuite hostname="anandraj" failures="0" tests="5" name="com.test.api.ListRepo" time="10.106" errors="0" timestamp="2022-12-09T12:29:10 GMT" skipped="0">
  <testcase classname="com.test.api.ListRepo" name="listAllLanguagesRepo" time="5.772"/>
  <system-out/>
  <testcase classname="com.test.api.ListRepo" name="listContributersRepo" time="0.566"/>
  <system-out/>
  <testcase classname="com.test.api.ListRepo" name="listPublicRepo" time="2.289"/>
  <system-out/>
  <testcase classname="com.test.api.ListRepo" name="listAuthenticRepo" time="1.014"/>
  <system-out/>
  <testcase classname="com.test.api.ListRepo" name="listUserRepo" time="0.465"/>
  <system-out/>
</testsuite> <!-- com.test.api.ListRepo -->
