<?xml version="1.0" encoding="UTF-8"?>
<!-- Generated by org.testng.reporters.JUnitReportReporter -->
<testsuite hostname="anandraj" failures="0" tests="1" name="com.test.api.SingleRepoPost" time="9.633" errors="0" timestamp="2022-12-17T20:33:55 IST" skipped="0">
  <testcase classname="com.test.api.SingleRepoPost" name="CreateRepoAuthUser" time="9.633"/>
  <system-out/>
</testsuite> <!-- com.test.api.SingleRepoPost -->
