<?xml version="1.0" encoding="UTF-8"?>
<!-- Generated by org.testng.reporters.JUnitReportReporter -->
<testsuite hostname="anandraj" failures="0" tests="4" name="com.test.api.Reqres" time="7.298" errors="0" timestamp="2022-12-09T12:33:28 GMT" skipped="0">
  <testcase classname="com.test.api.Reqres" name="apiGetMethoad" time="5.491"/>
  <system-out/>
  <testcase classname="com.test.api.Reqres" name="postMethod" time="0.605"/>
  <system-out/>
  <testcase classname="com.test.api.Reqres" name="putMethod" time="0.616"/>
  <system-out/>
  <testcase classname="com.test.api.Reqres" name="deleteMethod" time="0.586"/>
  <system-out/>
</testsuite> <!-- com.test.api.Reqres -->
