<?xml version="1.0" encoding="UTF-8"?>
<!-- Generated by org.testng.reporters.JUnitReportReporter -->
<testsuite hostname="anandraj" failures="0" tests="1" name="com.test.api.SingleRepoGet" time="5.746" errors="0" timestamp="2022-12-12T20:29:32 GMT" skipped="0">
  <testcase classname="com.test.api.SingleRepoGet" name="getRepo" time="5.746"/>
  <system-out/>
</testsuite> <!-- com.test.api.SingleRepoGet -->
