<?xml version="1.0" encoding="UTF-8"?>
<!-- Generated by org.testng.reporters.JUnitReportReporter -->
<testsuite hostname="anandraj" failures="0" tests="1" name="com.test.api.DeleteSingleRepo" time="8.087" errors="0" timestamp="2022-12-12T22:16:22 GMT" skipped="0">
  <testcase classname="com.test.api.DeleteSingleRepo" name="deleteSingleRepo" time="8.087"/>
  <system-out/>
</testsuite> <!-- com.test.api.DeleteSingleRepo -->
