<?xml version="1.0" encoding="UTF-8"?>
<!-- Generated by org.testng.reporters.JUnitReportReporter -->
<testsuite hostname="anandraj" failures="0" tests="1" name="com.test.api.UdateSingleRepo" time="5.743" errors="0" timestamp="2022-12-12T20:59:57 GMT" skipped="0">
  <testcase classname="com.test.api.UdateSingleRepo" name="repLaceAllrepoTopic" time="5.743"/>
  <system-out/>
</testsuite> <!-- com.test.api.UdateSingleRepo -->
