<?xml version="1.0" encoding="UTF-8"?>
<!-- Generated by org.testng.reporters.JUnitReportReporter -->
<testsuite hostname="anandraj" failures="0" tests="1" name="com.test.api.ListOfRepos" time="5.371" errors="0" timestamp="2022-12-17T21:46:11 IST" skipped="0">
  <testcase classname="com.test.api.ListOfRepos" name="ListRepoWithValidAuth" time="5.371"/>
  <system-out/>
</testsuite> <!-- com.test.api.ListOfRepos -->
