<?xml version="1.0" encoding="UTF-8"?>
<!-- Generated by org.testng.reporters.JUnitReportReporter -->
<testsuite hostname="anandraj" failures="0" tests="2" name="com.test.api.SingleRepo" time="6.196" errors="0" timestamp="2022-12-16T12:41:58 IST" skipped="1">
  <testcase classname="com.test.api.SingleRepo" name="deleteRepo" time="6.196"/>
  <system-out/>
  <testcase classname="com.test.api.SingleRepo" name="disPatchRepo">
    <skipped/>
  </testcase> <!-- disPatchRepo -->
  <system-out/>
</testsuite> <!-- com.test.api.SingleRepo -->
